C51 COMPILER V9.52.0.0   CFG_TIMER1                                                        05/18/2017 17:38:57 PAGE 1   


C51 COMPILER V9.52.0.0, COMPILATION OF MODULE CFG_TIMER1
OBJECT MODULE PLACED IN CFG_Timer1.OBJ
COMPILER INVOKED BY: C:\Keil\C51\BIN\C51.EXE CFG_Timer1.C LARGE BROWSE DEBUG OBJECTEXTEND TABS(2)

line level    source

   1          //------------------------------------------------------------------------------------
   2          // CFG_Timer1.c
   3          //------------------------------------------------------------------------------------
   4          //
   5          // AUTH: MAZOYER Thomas, THIRION Olivier
   6          // DATE: 15/03
   7          // Target: C8051F02x
   8          //
   9          // Tool chain: KEIL PK51
  10          //
  11          //OBJECTIF: Configuration du Timer 1
  12          //-----------------------------------------------------------------------------------
  13          // Includes
  14          //------------------------------------------------------------------------------------
  15          #include <c8051f020.h>
  16          
  17          #include <intrins.h>
  18          #include <CFG_Timer1.h>
  19          
  20          //-----------------------------------------------------------------------------------
  21          // Global Constants
  22          //------------------------------------------------------------------------------------
  23          
  24          
  25          //-----------------------------------------------------------------------------------
  26          // Functions
  27          //------------------------------------------------------------------------------------
  28          
  29          void Config_Timer1(void)
  30          {
  31   1        CKCON&=0xef; //Timer 1 utilise SYSCLK/12
  32   1        
  33   1        TF1=0; //RAZ du flag d'overflow du Timer 1
  34   1        TMOD&=0x2f; //Timer 1 en mode timer et actif même si /INT1=0
  35   1        TMOD|=0x20; //Timer 1 en mode timer 8 bits avec auto-reload
  36   1        
  37   1        TH1=0xfa; //Valeur de reload pour avoir Baud Rate = 19200 (voir Datasheet)
  38   1        TL1=TH1; //On intitialise le timer 1 pour qu'il commence au bon endroit
  39   1        
  40   1        ET1=0; //Invalidation interruption du Timer 1
  41   1        TR1=1; //Activation Timer 1
  42   1      }
  43          


MODULE INFORMATION:   STATIC OVERLAYABLE
   CODE SIZE        =     22    ----
   CONSTANT SIZE    =   ----    ----
   XDATA SIZE       =   ----    ----
   PDATA SIZE       =   ----    ----
   DATA SIZE        =   ----    ----
   IDATA SIZE       =   ----    ----
   BIT SIZE         =   ----    ----
END OF MODULE INFORMATION.


C51 COMPILATION COMPLETE.  0 WARNING(S),  0 ERROR(S)
