C51 COMPILER V9.52.0.0   CFG_TIMER3                                                        05/18/2017 17:38:59 PAGE 1   


C51 COMPILER V9.52.0.0, COMPILATION OF MODULE CFG_TIMER3
OBJECT MODULE PLACED IN CFG_Timer3.OBJ
COMPILER INVOKED BY: C:\Keil\C51\BIN\C51.EXE CFG_Timer3.C LARGE BROWSE DEBUG OBJECTEXTEND TABS(2)

line level    source

   1          //------------------------------------------------------------------------------------
   2          // CFG_Timer3.c
   3          //------------------------------------------------------------------------------------
   4          //
   5          // Target: C8051F02x
   6          //
   7          // Tool chain: KEIL PK51
   8          //
   9          //OBJECTIF: Configuration du Timer 3
  10          //-----------------------------------------------------------------------------------
  11          // Includes
  12          //------------------------------------------------------------------------------------
  13          #include <c8051f020.h>
  14          #include "CFG_Timer3.h"
  15          #include "Declarations_GPIO_BSE.h"
  16          #include <intrins.h>
  17          //-----------------------------------------------------------------------------------
  18          // Global Constants
  19          //------------------------------------------------------------------------------------
  20          unsigned char T3_5ms=0;
  21          
  22          //-----------------------------------------------------------------------------------
  23          // Functions
  24          //------------------------------------------------------------------------------------
  25          
  26          void Config_Timer3(void)
  27          {
  28   1        TMR3CN&=0x78;
  29   1        
  30   1        TMR3RLL=0xF6;
  31   1        TMR3RLH=0xDB;
  32   1        TMR3H=TMR3RLH; // valeur de départ du timer
  33   1        TMR3L=TMR3RLL;
  34   1      
  35   1        EIP2&=0xFE; // interruption priorité basse
  36   1        EIE2|=0x01; // interruption autorisée
  37   1        TMR3CN |= 0x04; // on démarre le timer 3
  38   1      }
  39          
  40          
  41          void ISR_Timer3(void) interrupt 14
  42          {
  43   1        // Compte le nombre d'incréments de T3_5ms
  44   1        T3_5ms++;
  45   1        
  46   1        TMR3CN&=0x7F;
  47   1      
  48   1      }


MODULE INFORMATION:   STATIC OVERLAYABLE
   CODE SIZE        =     47    ----
   CONSTANT SIZE    =   ----    ----
   XDATA SIZE       =      1    ----
   PDATA SIZE       =   ----    ----
C51 COMPILER V9.52.0.0   CFG_TIMER3                                                        05/18/2017 17:38:59 PAGE 2   

   DATA SIZE        =   ----    ----
   IDATA SIZE       =   ----    ----
   BIT SIZE         =   ----    ----
END OF MODULE INFORMATION.


C51 COMPILATION COMPLETE.  0 WARNING(S),  0 ERROR(S)
