C51 COMPILER V9.52.0.0   CFG_UART0                                                         05/18/2017 17:38:58 PAGE 1   


C51 COMPILER V9.52.0.0, COMPILATION OF MODULE CFG_UART0
OBJECT MODULE PLACED IN CFG_UART0.OBJ
COMPILER INVOKED BY: C:\Keil\C51\BIN\C51.EXE CFG_UART0.C LARGE BROWSE DEBUG OBJECTEXTEND TABS(2)

line level    source

   1          //------------------------------------------------------------------------------------
   2          // CFG_UART0.c
   3          //------------------------------------------------------------------------------------
   4          //
   5          // AUTH: 
   6          // DATE: 
   7          // Target: C8051F02x
   8          //
   9          // Tool chain: KEIL PK51
  10          //
  11          //OBJECTIF: Configuration de l'UART0
  12          //-----------------------------------------------------------------------------------
  13          // Includes
  14          //------------------------------------------------------------------------------------
  15          #include <c8051f020.h>
  16          #include "Declarations_GPIO_BSE.h"
  17          #include <intrins.h>
  18          #include <CFG_UART0.h>                 
  19          //-----------------------------------------------------------------------------
  20          // Function PROTOTYPES
  21          //-----------------------------------------------------------------------------
  22          
  23          void Config_UART0(void)
  24          {
  25   1        //config de la clock
  26   1        RCLK0=0; //Le Timer 1 est utilisé pour la réception de l'UART0
  27   1        TCLK0=0; //Le Timer 1 est utilisé pour la transmission de l'UART0
  28   1        PCON|=0x80; //UART0 baud rate divide-by-two désactivé
  29   1        
  30   1        //config de l'UART0
  31   1        PCON&=0xbf; //SSTAT=0
  32   1        SCON0|=0x60; //UART0 en mode 8-Bit (avec bit de stop) avec Baud Rate variable.
  33   1        SCON0&=0x6C; //RAZ du flag de réception
  34   1        SCON0|=0x10; //On active l'UART0
  35   1        TI0=1;  //Mise a 1 du flag de transmission
  36   1      }


MODULE INFORMATION:   STATIC OVERLAYABLE
   CODE SIZE        =     22    ----
   CONSTANT SIZE    =   ----    ----
   XDATA SIZE       =   ----    ----
   PDATA SIZE       =   ----    ----
   DATA SIZE        =   ----    ----
   IDATA SIZE       =   ----    ----
   BIT SIZE         =   ----    ----
END OF MODULE INFORMATION.


C51 COMPILATION COMPLETE.  0 WARNING(S),  0 ERROR(S)
