C51 COMPILER V9.52.0.0   DETECTION                                                         05/18/2017 17:39:00 PAGE 1   


C51 COMPILER V9.52.0.0, COMPILATION OF MODULE DETECTION
OBJECT MODULE PLACED IN detection.OBJ
COMPILER INVOKED BY: C:\Keil\C51\BIN\C51.EXE detection.c LARGE BROWSE DEBUG OBJECTEXTEND TABS(2)

line level    source

   1          #include <c8051f020.h>
   2          #include "CMD_Servomoteur.h"
   3          #include "Declarations_GPIO_BSE.h"
   4          #include <intrins.h>
   5          #include "detection.h"
   6          #include <stdio.h>
   7          #include "Putchar_Getchar.h"
   8          #include "Detec_Obstacle.h"
   9          
  10           
  11          struct INFORMATIONS detection_obstacles (struct INFORMATIONS informations,struct COMMANDES commandes)
  12          {
  13   1           
  14   1          int angle,ind_AV,ind_AR,Nbre_Val;
  15   1          unsigned int Distance_AV = 0, Distance_AR=0;      
  16   1          int pas=commandes.DCT_Obst_Resolution;
  17   1          unsigned char temps_estime;
  18   1          Nbre_Val=2*(180/pas+1)-1;
  19   1          ind_AV=90/pas;
  20   1          if(90%pas!=0)
  21   1            ind_AR=(Nbre_Val-2)-ind_AV;
  22   1          else
  23   1            ind_AR=(Nbre_Val-1)-ind_AV;
  24   1       
  25   1          informations.Nbre_Val_obst=0;
  26   1          if ( commandes.Etat_DCT_Obst == oui_180 )
  27   1          {
  28   2              for (angle=-90; angle<=90; angle=angle+pas)
  29   2               {
  30   3                  // position du télémètre
  31   3                  temps_estime = CMD_Servo_H(angle);
  32   3      //            tempo_servo(temps_estime);
  33   3                   
  34   3                  // calcul de distance
  35   3                  Distance_AV=MES_Dist_AV();
  36   3                  *(informations.Tab_Val_Obst+informations.Nbre_Val_obst)=Distance_AV;
  37   3                  informations.Nbre_Val_obst++; 
  38   3                   
  39   3              }
  40   2          }
  41   1           
  42   1          else if ( commandes.Etat_DCT_Obst == oui_360 )
  43   1          {
  44   2              for (angle=-90; angle<90; angle=angle+pas)
  45   2              {
  46   3                  // position du télémètre
  47   3                  temps_estime = CMD_Servo_H(angle);
  48   3                //  tempo_servo(temps_estime);
  49   3               
  50   3                  // calcul de distance
  51   3                  Distance_AV=MES_Dist_AV ();
  52   3                  Distance_AR=MES_Dist_AR ();
  53   3      
  54   3                  *(informations.Tab_Val_Obst+ind_AV)=Distance_AV;
  55   3                  ind_AV++;
C51 COMPILER V9.52.0.0   DETECTION                                                         05/18/2017 17:39:00 PAGE 2   

  56   3                  informations.Nbre_Val_obst++;   
  57   3                
  58   3                  if(ind_AR==Nbre_Val-1)
  59   3                  {
  60   4                    *(informations.Tab_Val_Obst+ind_AR)=Distance_AR;
  61   4                    informations.Nbre_Val_obst++;
  62   4                    ind_AR=0;
  63   4                  }
  64   3                  *(informations.Tab_Val_Obst+ind_AR)=Distance_AR;
  65   3                  ind_AR++;
  66   3                  informations.Nbre_Val_obst++;
  67   3              }
  68   2          }
  69   1          return informations;
  70   1           
  71   1      }
  72            
  73            
  74            
  75            
  76            


MODULE INFORMATION:   STATIC OVERLAYABLE
   CODE SIZE        =    574    ----
   CONSTANT SIZE    =   ----    ----
   XDATA SIZE       =   ----      69
   PDATA SIZE       =   ----    ----
   DATA SIZE        =   ----    ----
   IDATA SIZE       =   ----    ----
   BIT SIZE         =   ----    ----
END OF MODULE INFORMATION.


C51 COMPILATION COMPLETE.  0 WARNING(S),  0 ERROR(S)
