C51 COMPILER V9.52.0.0   DETEC_OBSTACLE                                                    05/18/2017 17:38:57 PAGE 1   


C51 COMPILER V9.52.0.0, COMPILATION OF MODULE DETEC_OBSTACLE
OBJECT MODULE PLACED IN Detec_Obstacle.OBJ
COMPILER INVOKED BY: C:\Keil\C51\BIN\C51.EXE Detec_Obstacle.c LARGE BROWSE DEBUG OBJECTEXTEND TABS(2)

line level    source

   1          // Target: C8051F02x
   2          //
   3          // Tool chain: KEIL PK51
   4          //
   5          // GROUPE C4
   6          //
   7          // Date de modification: 25/04/2017
   8          //
   9          // Projet: Projet Transversal
  10          //-----------------------------------------------------------------------------------
  11          // Includes
  12          //------------------------------------------------------------------------------------
  13          #include <c8051f020.h>                    // SFR declarations
  14          #include "Declarations_GPIO_BSE.h"
  15          #include <intrins.h>
  16          #include "Detec_Obstacle.h"
  17          
  18          
  19          // Variables globales
  20          int isHigh=0;
  21          unsigned int High_Level_Time;
  22          static unsigned int interruption=0; //passe a 1 pendant la duree de l'interruption
  23          static unsigned int front=0; //quand front=0, INT6/INT7 se declenche sur front montant, quand front=1, sur
             - front descendant
  24          
  25          //------------------------------------------------------------------------------------
  26          //Initilisation generale du sous-module
  27          //------------------------------------------------------------------------------------
  28          void FO_M4_init()
  29          {
  30   1          //config_P3_FO_M4();
  31   1          Timer2_Init_FO_M4();
  32   1          Interrupt67_Init_FO_M4();
  33   1      }
  34          
  35          //------------------------------------------------------------------------------------
  36          //Configuration des ports P3.4 et P3.6
  37          //------------------------------------------------------------------------------------
  38          void config_P3_FO_M4()
  39          {
  40   1          // P3.3  -  Unassigned,  Push-Pull,  Digital, telemetre Trigger
  41   1          // P3.6  -  Unassigned,  Open-Drain, Digital, telemetre echo
  42   1          // P3.4  -  Unassigned,  Push-Pull,  Digital, telemetre Trigger
  43   1          // P3.7  -  Unassigned,  Open-Drain, Digital, telemetre echo
  44   1          
  45   1          XBR2      = 0x40;
  46   1          
  47   1      }
  48          //------------------------------------------------------------------------------------
  49          //Configuration du Timer 2
  50          //------------------------------------------------------------------------------------
  51          
  52          void Timer2_Init_FO_M4()
  53          {
  54   1          TL2       = 0x00; //pour un premier cycle
C51 COMPILER V9.52.0.0   DETEC_OBSTACLE                                                    05/18/2017 17:38:57 PAGE 2   

  55   1          TH2       = 0x00; //de bonne duree
  56   1      }
  57          //------------------------------------------------------------------------------------
  58          //Configuration de l'interruptions 6
  59          //------------------------------------------------------------------------------------
  60          // Configure l'interruption 6/7 sur front montant de P3.6/P3.7 et l'autorise.
  61          void Interrupt67_Init_FO_M4()
  62          {
  63   1          P3IF     |= 0x0C; //les interruptions 6 et 7 se declenchent sur front montant de P3.6 et P3.7
  64   1          EIP2      = 0x10;
  65   1          P3IF     &= 0x3F;
  66   1          EIE2     |= 0x30; //enable external interrupt 6
  67   1      }
  68          
  69          void ISR__EXT_INT6_FO_M4() interrupt 18
  70          {
  71   1          if(front==0 && interruption==0)
  72   1          {
  73   2              interruption=1;
  74   2              TR2=1; //demarrage du timer2
  75   2              P3IF &= 0xFB; //l'interruption de declenche maintenant sur front descendant
  76   2              front=1;
  77   2          }
  78   1          
  79   1          if(front==1 && interruption==0)
  80   1          {
  81   2              interruption=1;
  82   2              TR2=0; //arret du timer
  83   2              
  84   2              High_Level_Time=0xFF*TH2+TL2;
  85   2              TH2=0x00; //remise a 0 des valeurs
  86   2              TL2=0x00; //du timer
  87   2              
  88   2              P3IF |= 0x04; //l'interruption se declenche sur front montant
  89   2              front=0;
  90   2              isHigh=0;
  91   2          }
  92   1          interruption=0;
  93   1          P3IF &= 0xBF;
  94   1      }
  95          
  96          void ISR__EXT_INT7_FO_M4() interrupt 19
  97          {
  98   1          if(front==0 && interruption==0)
  99   1          {
 100   2              interruption=1;
 101   2              TR2=1; //demarrage du timer2
 102   2              P3IF &= 0xF7; //l'interruption de declenche maintenant sur front descendant
 103   2              front=1;
 104   2          }
 105   1          
 106   1          if(front==1 && interruption==0)
 107   1          {
 108   2              interruption=1;
 109   2              TR2=0; //arret du timer
 110   2              
 111   2              High_Level_Time=0xFF*TH2+TL2;
 112   2              TH2=0x00; //remise a 0 des valeurs
 113   2              TL2=0x00; //du timer
 114   2              
 115   2              P3IF |= 0x08; //l'interruption se declenche sur front montant
 116   2              front=0;
C51 COMPILER V9.52.0.0   DETEC_OBSTACLE                                                    05/18/2017 17:38:57 PAGE 3   

 117   2              isHigh=0;
 118   2          }
 119   1          interruption=0;
 120   1          P3IF &= 0x7F;
 121   1      }
 122          
 123          unsigned int MES_Dist_AV (void) //pour le télémètre Avant
 124          {
 125   1        unsigned int Distance=0;
 126   1        int i=0;
 127   1        // Déclenchement du télémètre : impulsion de 10µs sur P3.4
 128   1          Pulse_P33();
 129   1        
 130   1        // Attente pour tre sur que l'on rŽcupre la bonne valeur de High_Level_Time
 131   1        while(isHigh==1);
 132   1        
 133   1        Distance=High_Level_Time*0.542f*(0.000001)*34000.0f/2.0f;
 134   1        if (Distance >100) // Pas de detection d'objet ˆ plus de 100 cm
 135   1        {
 136   2          Distance=0;
 137   2        }
 138   1        return Distance;
 139   1      }
 140          
 141          unsigned int MES_Dist_AR (void) //pour le télémètre Avant
 142          {
 143   1        unsigned int Distance=0;
 144   1        int i=0;
 145   1        // Déclenchement du télémètre : impulsion de 10µs sur P3.5
 146   1          Pulse_P34();
 147   1        
 148   1        // Attente pour tre sur que l'on rŽcupre la bonne valeur de High_Level_Time
 149   1        while(isHigh==1);
 150   1        
 151   1        Distance=High_Level_Time*0.542f*(0.000001)*34000.0f/2.0f;
 152   1        if (Distance >100) // Pas de detection d'objet ˆ plus de 100 cm
 153   1        {
 154   2          Distance=0;
 155   2        }
 156   1        return Distance;
 157   1      }
 158          
 159          
 160          void Pulse_P33()
 161          {
 162   1          int i=0;
 163   1          P3__3=1;
 164   1          
 165   1          for(i=0;i<15;i++)
 166   1              _nop_();
 167   1          
 168   1          P3__3=0;
 169   1          isHigh=1;
 170   1      }
 171          
 172          void Pulse_P34()
 173          {
 174   1          int i=0;
 175   1          P3__4=1;
 176   1          
 177   1          for(i=0;i<15;i++)
 178   1              _nop_();
C51 COMPILER V9.52.0.0   DETEC_OBSTACLE                                                    05/18/2017 17:38:57 PAGE 4   

 179   1          
 180   1          P3__4=0;
 181   1          isHigh=1;
 182   1      }
 183          
 184            
 185          


MODULE INFORMATION:   STATIC OVERLAYABLE
   CODE SIZE        =    599    ----
   CONSTANT SIZE    =   ----    ----
   XDATA SIZE       =      8       8
   PDATA SIZE       =   ----    ----
   DATA SIZE        =   ----    ----
   IDATA SIZE       =   ----    ----
   BIT SIZE         =   ----    ----
END OF MODULE INFORMATION.


C51 COMPILATION COMPLETE.  0 WARNING(S),  0 ERROR(S)
