C51 COMPILER V9.52.0.0   PUTCHAR_GETCHAR                                                   05/18/2017 17:38:57 PAGE 1   


C51 COMPILER V9.52.0.0, COMPILATION OF MODULE PUTCHAR_GETCHAR
OBJECT MODULE PLACED IN Putchar_Getchar.OBJ
COMPILER INVOKED BY: C:\Keil\C51\BIN\C51.EXE Putchar_Getchar.c LARGE BROWSE DEBUG OBJECTEXTEND TABS(2)

line level    source

   1          //------------------------------------------------------------------------------------
   2          // Putchar_Getchar.c
   3          //------------------------------------------------------------------------------------
   4          //
   5          // AUTH: Groupe C4
   6          // DATE: 04/04/17
   7          // Target: C8051F02x
   8          //
   9          // Tool chain: KEIL PK51
  10          //
  11          //OBJECTIF: Ecriture des fonctions getchar, putchar ...
  12          //-----------------------------------------------------------------------------------
  13          // Includes
  14          //------------------------------------------------------------------------------------                
  15          #include <c8051f020.h>
  16          #include "Declarations_GPIO_BSE.h"
  17          #include <intrins.h> 
  18          #include "Putchar_Getchar.h"
  19          //-----------------------------------------------------------------------------
  20          // Function PROTOTYPES
  21          //-----------------------------------------------------------------------------
  22          void Send_String(char choix_uart, char* char_ptr)
  23          {
  24   1        while(*char_ptr != '\0')
  25   1        {
  26   2          Putchar(choix_uart,*char_ptr);
  27   2          char_ptr=char_ptr+1;
  28   2        }
  29   1        return;
  30   1      }
  31          
  32          char Getchar(char choix_uart)
  33          {
  34   1          char carac;
  35   1          if(choix_uart==0)
  36   1          {
  37   2            while(!RI0);
  38   2            carac=SBUF0;
  39   2            RI0=0;
  40   2            Putchar(0,carac);
  41   2            return carac;
  42   2          }
  43   1          else
  44   1          {
  45   2              while(!(SCON1 & 0x01));
  46   2              carac=SBUF1;
  47   2              SCON1 &= 0xFE;
  48   2              return carac;
  49   2          }
  50   1      }
  51          
  52          char Putchar (char choix_uart, char c)  {
  53   1           
  54   1          if(choix_uart==0)
  55   1          {
C51 COMPILER V9.52.0.0   PUTCHAR_GETCHAR                                                   05/18/2017 17:38:57 PAGE 2   

  56   2              if (c == '\n')  {   // si le caractère est un retour à la ligne :
  57   3                  while (!TI0);   
  58   3                  TI0 = 0;
  59   3                  SBUF0 = 0x0d;                         /* output CR  */
  60   3              }
  61   2              while (!TI0);
  62   2              TI0 = 0;
  63   2              SBUF0=c;
  64   2              return 0;
  65   2          }
  66   1          else
  67   1          {
  68   2              if (c == '\n')  {
  69   3                  while (!(SCON1 & 0x02));       
  70   3                  SCON1 &= 0xFD;
  71   3                  SBUF1 = 0x0d;                         /* output CR  */
  72   3              }
  73   2              while (!(SCON1 & 0x02));
  74   2              //Putchar(0,c);
  75   2              SCON1 &= 0xFD;
  76   2              SBUF1=c;
  77   2              return 0;
  78   2          }
  79   1      }


MODULE INFORMATION:   STATIC OVERLAYABLE
   CODE SIZE        =    151    ----
   CONSTANT SIZE    =   ----    ----
   XDATA SIZE       =   ----       5
   PDATA SIZE       =   ----    ----
   DATA SIZE        =   ----    ----
   IDATA SIZE       =   ----    ----
   BIT SIZE         =   ----    ----
END OF MODULE INFORMATION.


C51 COMPILATION COMPLETE.  0 WARNING(S),  0 ERROR(S)
