C51 COMPILER V9.52.0.0   CFG_SPI_SLAVE                                                     05/18/2017 17:42:20 PAGE 1   


C51 COMPILER V9.52.0.0, COMPILATION OF MODULE CFG_SPI_SLAVE
OBJECT MODULE PLACED IN CFG_SPI_Slave.OBJ
COMPILER INVOKED BY: C:\Keil\C51\BIN\C51.EXE CFG_SPI_Slave.c LARGE BROWSE DEBUG OBJECTEXTEND TABS(2)

line level    source

   1          ///////////////////////////////
   2          //CFG_SPI_slave.c
   3          ///////////////////////////////
   4          //AUTH: 
   5          //DATE: 
   6          //
   7          //Target: C8051F02x
   8          //Tool chain: KEIL Eval 'c'
   9          //
  10          //Sous-ensemble FO-MS1
  11           #include <c8051f020.h>
  12          #include "CFG_SPI_Slave.h"
  13          
  14          #include "Declarations_GPIO_BSE.h"
  15          #include <intrins.h>
  16           
  17          void config_spi()
  18          {
  19   1          SPI0CFG &= 0x3F;  // data sampled on first edge of clk, clk line idle low
  20   1        SPI0CFG |= 0x07;  // envoie 8 bits par 8 bits
  21   1        MSTEN = 0;      //fonctionne en Slave
  22   1        SPIF=0;
  23   1        SPI0CKR = 0x04; // règle la sclk
  24   1        
  25   1        SPIEN = 1;  // active le SPI
  26   1        
  27   1        EIE1 |=0x01;
  28   1      }
  29              


MODULE INFORMATION:   STATIC OVERLAYABLE
   CODE SIZE        =     19    ----
   CONSTANT SIZE    =   ----    ----
   XDATA SIZE       =   ----    ----
   PDATA SIZE       =   ----    ----
   DATA SIZE        =   ----    ----
   IDATA SIZE       =   ----    ----
   BIT SIZE         =   ----    ----
END OF MODULE INFORMATION.


C51 COMPILATION COMPLETE.  0 WARNING(S),  0 ERROR(S)
