C51 COMPILER V9.52.0.0   CFG_PCA0                                                          05/18/2017 17:23:31 PAGE 1   


C51 COMPILER V9.52.0.0, COMPILATION OF MODULE CFG_PCA0
OBJECT MODULE PLACED IN CFG_PCA0.OBJ
COMPILER INVOKED BY: C:\Keil\C51\BIN\C51.EXE CFG_PCA0.c LARGE BROWSE DEBUG OBJECTEXTEND TABS(2)

line level    source

   1          #include "c8051F020.h"
   2          #include "CFG_PCA0.h"
   3          #include "Declarations_GPIO_BSE.h"
   4          #include <stdio.h>
   5          
   6          
   7          void Config_PCA0(void)
   8          {
   9   1          long int Temps_angle;
  10   1          // Choix de l'horloge - SYSCLK pour un cycle de 11,852 ms
  11   1          PCA0MD |= 0x02;  
  12   1          PCA0MD &= ~0x0C;
  13   1          
  14   1        
  15   1          // Mode PWM 16-bit
  16   1          PCA0CPM0=0xC2;
  17   1          PCA0CPM1=0xC2;
  18   1        
  19   1        
  20   1          // Rapport cyclique
  21   1          Temps_angle=1500;
  22   1          PCA0CPH0 = ((100-(Temps_angle*100))/11851)*65536/100>>8; // Sortie sur port 1.0
  23   1          PCA0CPH1 = ((100-(Temps_angle*100))/11851)*65536/100>>8; // Sortie sur port 1.1
  24   1      
  25   1          // Lance le comptage du PCA0
  26   1          PCA0CN |= 0x40;
  27   1      }


MODULE INFORMATION:   STATIC OVERLAYABLE
   CODE SIZE        =    100    ----
   CONSTANT SIZE    =   ----    ----
   XDATA SIZE       =   ----       4
   PDATA SIZE       =   ----    ----
   DATA SIZE        =   ----    ----
   IDATA SIZE       =   ----    ----
   BIT SIZE         =   ----    ----
END OF MODULE INFORMATION.


C51 COMPILATION COMPLETE.  0 WARNING(S),  0 ERROR(S)
