C51 COMPILER V9.52.0.0   PARSEUR_SLAVE                                                     05/16/2017 15:08:52 PAGE 1   


C51 COMPILER V9.52.0.0, COMPILATION OF MODULE PARSEUR_SLAVE
OBJECT MODULE PLACED IN parseur_slave.OBJ
COMPILER INVOKED BY: C:\Keil\C51\BIN\C51.EXE parseur_slave.c LARGE BROWSE DEBUG OBJECTEXTEND

line level    source

   1          //------------------------------------------------------------------------------------
   2          // parseur.c
   3          //------------------------------------------------------------------------------------
   4          //
   5          // AUTH: Groupe C4
   6          // Date: 04/04/17
   7          // Target: C8051F02x
   8          //
   9          // Tool chain: KEIL PK51
  10          //
  11          //OBJECTIF: Decodage des commandes de la centrale de commande
  12          //------------------------------------------------------------------------------------
  13          // Includes
  14          //------------------------------------------------------------------------------------
  15           #include "parseur_slave.h"        
  16           
  17           
  18          
  19          
  20          
  21          
  22          
  23           


MODULE INFORMATION:   STATIC OVERLAYABLE
   CODE SIZE        =   ----    ----
   CONSTANT SIZE    =   ----    ----
   XDATA SIZE       =   ----    ----
   PDATA SIZE       =   ----    ----
   DATA SIZE        =   ----    ----
   IDATA SIZE       =   ----    ----
   BIT SIZE         =   ----    ----
END OF MODULE INFORMATION.


C51 COMPILATION COMPLETE.  0 WARNING(S),  0 ERROR(S)
