C51 COMPILER V9.52.0.0   PUTCHAR_GETCHAR                                                   05/18/2017 17:23:29 PAGE 1   


C51 COMPILER V9.52.0.0, COMPILATION OF MODULE PUTCHAR_GETCHAR
OBJECT MODULE PLACED IN Putchar_Getchar.OBJ
COMPILER INVOKED BY: C:\Keil\C51\BIN\C51.EXE Putchar_Getchar.c LARGE BROWSE DEBUG OBJECTEXTEND TABS(2)

line level    source

   1          //------------------------------------------------------------------------------------
   2          // Putchar_Getchar.c
   3          //------------------------------------------------------------------------------------
   4          //
   5          // AUTH: Groupe C4
   6          // DATE: 04/04/17
   7          // Target: C8051F02x
   8          //
   9          // Tool chain: KEIL PK51
  10          //
  11          //OBJECTIF: Ecriture des fonctions getchar, putchar ...
  12          //-----------------------------------------------------------------------------------
  13          // Includes
  14          //------------------------------------------------------------------------------------                
  15          #include <c8051f020.h>
  16          #include "Putchar_Getchar.h"
  17          #include "Declarations_GPIO_BSE.h"
  18          #include <intrins.h> 
  19          //-----------------------------------------------------------------------------
  20          // Function PROTOTYPES
  21          //-----------------------------------------------------------------------------
  22          void Send_String(char choix_uart, char* char_ptr)
  23          {
  24   1        while(*char_ptr != '\0')
  25   1        {
  26   2          Putchar(choix_uart,*char_ptr);
  27   2          char_ptr=char_ptr+1;
  28   2        }
  29   1        return;
  30   1      }
  31          
  32          char Getchar(char choix_uart)
  33          {
  34   1          char carac;
  35   1          if(choix_uart==0)
  36   1          {
  37   2              if(RI0)
  38   2              {
  39   3                  carac=SBUF0;
  40   3                  RI0=0;
  41   3                  Putchar(0,carac);
  42   3                  return carac;
  43   3              }
  44   2              else
  45   2              {
  46   3                  return 0;
  47   3              }
  48   2          }
  49   1          else
  50   1          {
  51   2              if(SCON1 & 0x01)
  52   2              {
  53   3                  carac=SBUF1;
  54   3                  SCON1 &= 0xFE;
  55   3                  return carac;
C51 COMPILER V9.52.0.0   PUTCHAR_GETCHAR                                                   05/18/2017 17:23:29 PAGE 2   

  56   3              }
  57   2              else
  58   2                  return 0;
  59   2          }
  60   1      }
  61          
  62          char Putchar (char choix_uart, char c)  {
  63   1           
  64   1          if(choix_uart==0)
  65   1          {
  66   2              if (c == '\n')  {   // si le caractère est un retour à la ligne :
  67   3                  while (!TI0);   
  68   3                  TI0 = 0;
  69   3                  SBUF0 = 0x0d;                         /* output CR  */
  70   3              }
  71   2              while (!TI0);
  72   2              TI0 = 0;
  73   2              SBUF0=c;
  74   2              return 0;
  75   2          }
  76   1          else
  77   1          {
  78   2              if (c == '\n')  {
  79   3                  while (!(SCON1 & 0x02));        // A TATER
  80   3                  SCON1 &= 0xFD;
  81   3                  SBUF1 = 0x0d;                         /* output CR  */
  82   3              }
  83   2              while (!(SCON1 & 0x02));
  84   2              //Putchar(0,c);
  85   2              SCON1 &= 0xFD;
  86   2              SBUF1=c;
  87   2              return 0;
  88   2          }
  89   1      }


MODULE INFORMATION:   STATIC OVERLAYABLE
   CODE SIZE        =    157    ----
   CONSTANT SIZE    =   ----    ----
   XDATA SIZE       =   ----       5
   PDATA SIZE       =   ----    ----
   DATA SIZE        =   ----    ----
   IDATA SIZE       =   ----    ----
   BIT SIZE         =   ----    ----
END OF MODULE INFORMATION.


C51 COMPILATION COMPLETE.  0 WARNING(S),  0 ERROR(S)
